<?xml version="1.0" encoding="UTF-8"?>
<!-- Generated by org.testng.reporters.JUnitXMLReporter -->
<testsuite ignored="0" hostname="aniket-Latitude-3410" failures="1" tests="1" name="Test" time="23.541" errors="0" timestamp="2023-06-14T13:25:29 IST">
  <testcase classname="channelPartnerPack.AddingChannelPartner_FilledFormTest" name="addingChannelPartner_FilledFormTest" time="17.323">
    <failure type="org.openqa.selenium.support.ui.UnexpectedTagNameException" message="Element should have been &amp;quot;select&amp;quot; but was &amp;quot;span&amp;quot;
Build info: version: &amp;apos;4.9.1&amp;apos;, revision: &amp;apos;eb2032df7f&amp;apos;
System info: os.name: &amp;apos;Linux&amp;apos;, os.arch: &amp;apos;amd64&amp;apos;, os.version: &amp;apos;5.19.0-43-generic&amp;apos;, java.version: &amp;apos;17.0.6&amp;apos;
Driver info: driver.version: unknown">
      <![CDATA[org.openqa.selenium.support.ui.UnexpectedTagNameException: Element should have been "select" but was "span"
Build info: version: '4.9.1', revision: 'eb2032df7f'
System info: os.name: 'Linux', os.arch: 'amd64', os.version: '5.19.0-43-generic', java.version: '17.0.6'
Driver info: driver.version: unknown
at org.openqa.selenium.support.ui.Select.<init>(Select.java:49)
at com.selldo.POM.adminPages.NewPartnerFormPage.selectSalutation(NewPartnerFormPage.java:98)
at channelPartnerPack.AddingChannelPartner_FilledFormTest.addingChannelPartner_FilledFormTest(AddingChannelPartner_FilledFormTest.java:61)
at java.base/java.util.concurrent.ThreadPoolExecutor.runWorker(ThreadPoolExecutor.java:1136)
at java.base/java.util.concurrent.ThreadPoolExecutor$Worker.run(ThreadPoolExecutor.java:635)
at java.base/java.lang.Thread.run(Thread.java:833)
... Removed 12 stack frames]]>
    </failure>
  </testcase> <!-- addingChannelPartner_FilledFormTest -->
</testsuite> <!-- Test -->
