<?xml version="1.0" encoding="UTF-8"?>
<!-- Generated by org.testng.reporters.JUnitXMLReporter -->
<testsuite ignored="0" hostname="aniket-Latitude-3410" failures="1" tests="2" name="Test" time="8.101" errors="0" timestamp="2023-12-31T12:30:40 IST">
  <testcase classname="A_Experiment.asdfghj" name="m1" time="1.94">
    <skipped/>
  </testcase> <!-- m1 -->
  <testcase classname="A_Experiment.asdfghj" name="m1" time="1.526">
    <failure type="java.lang.IllegalArgumentException" message="Keys to send should be a not null CharSequence">
      <![CDATA[java.lang.IllegalArgumentException: Keys to send should be a not null CharSequence
at org.openqa.selenium.remote.RemoteWebElement.sendKeys(RemoteWebElement.java:97)
at org.openqa.selenium.support.pagefactory.internal.LocatingElementHandler.invoke(LocatingElementHandler.java:51)
at jdk.proxy2/jdk.proxy2.$Proxy14.sendKeys(Unknown Source)
at com.selldo.POM.crm.ClientLoginPage.clientLogin(ClientLoginPage.java:51)
at A_Experiment.asdfghj.m1(asdfghj.java:26)
at java.base/java.util.ArrayList.forEach(ArrayList.java:1511)
... Removed 27 stack frames]]>
    </failure>
  </testcase> <!-- m1 -->
</testsuite> <!-- Test -->
