<?xml version="1.0" encoding="UTF-8"?>
<testng-results ignored="0" total="1" passed="1" failed="0" skipped="0">
  <reporter-output>
  </reporter-output>
  <suite started-at="2023-08-10T13:35:38 IST" name="Default suite" finished-at="2023-08-10T13:35:47 IST" duration-ms="8977">
    <groups>
    </groups>
    <test started-at="2023-08-10T13:35:38 IST" name="Default test" finished-at="2023-08-10T13:35:47 IST" duration-ms="8977">
      <class name="listsPack.EditingLeadSearchListTest">
        <test-method is-config="true" signature="browserConfig()[pri:0, instance:listsPack.EditingLeadSearchListTest@68c9133c]" started-at="2023-08-10T13:35:38 IST" name="browserConfig" finished-at="2023-08-10T13:35:41 IST" duration-ms="3229" status="PASS">
          <reporter-output>
          </reporter-output>
        </test-method> <!-- browserConfig -->
        <test-method signature="editingLeadSearchListTest()[pri:0, instance:listsPack.EditingLeadSearchListTest@68c9133c]" started-at="2023-08-10T13:35:41 IST" name="editingLeadSearchListTest" finished-at="2023-08-10T13:35:47 IST" duration-ms="5596" status="PASS">
          <reporter-output>
          </reporter-output>
        </test-method> <!-- editingLeadSearchListTest -->
        <test-method is-config="true" signature="terminate()[pri:0, instance:listsPack.EditingLeadSearchListTest@68c9133c]" started-at="2023-08-10T13:35:47 IST" name="terminate" finished-at="2023-08-10T13:35:47 IST" duration-ms="120" status="PASS">
          <reporter-output>
          </reporter-output>
        </test-method> <!-- terminate -->
      </class> <!-- listsPack.EditingLeadSearchListTest -->
    </test> <!-- Default test -->
  </suite> <!-- Default suite -->
</testng-results>
