<?xml version="1.0" encoding="UTF-8"?>
<testng-results ignored="0" total="1" passed="1" failed="0" skipped="0">
  <reporter-output>
  </reporter-output>
  <suite started-at="2023-12-18T23:41:12 IST" name="Default suite" finished-at="2023-12-18T23:42:54 IST" duration-ms="102617">
    <groups>
    </groups>
    <test started-at="2023-12-18T23:41:12 IST" name="Default test" finished-at="2023-12-18T23:42:54 IST" duration-ms="102617">
      <class name="importPack.TC_importSiteVisit">
        <test-method is-config="true" signature="browserConfig()[pri:0, instance:importPack.TC_importSiteVisit@3967e60c]" started-at="2023-12-18T23:41:12 IST" name="browserConfig" finished-at="2023-12-18T23:41:15 IST" duration-ms="3256" status="PASS">
          <reporter-output>
          </reporter-output>
        </test-method> <!-- browserConfig -->
        <test-method signature="importSV()[pri:0, instance:importPack.TC_importSiteVisit@3967e60c]" started-at="2023-12-18T23:41:15 IST" name="importSV" finished-at="2023-12-18T23:42:54 IST" duration-ms="99203" status="PASS">
          <reporter-output>
          </reporter-output>
        </test-method> <!-- importSV -->
        <test-method is-config="true" signature="terminate()[pri:0, instance:importPack.TC_importSiteVisit@3967e60c]" started-at="2023-12-18T23:42:54 IST" name="terminate" finished-at="2023-12-18T23:42:54 IST" duration-ms="129" status="PASS">
          <reporter-output>
          </reporter-output>
        </test-method> <!-- terminate -->
      </class> <!-- importPack.TC_importSiteVisit -->
    </test> <!-- Default test -->
  </suite> <!-- Default suite -->
</testng-results>
