<?xml version="1.0" encoding="UTF-8"?>
<testng-results ignored="0" total="1" passed="1" failed="0" skipped="0">
  <reporter-output>
  </reporter-output>
  <suite started-at="2023-12-07T18:53:28 IST" name="Default suite" finished-at="2023-12-07T18:53:33 IST" duration-ms="4943">
    <groups>
    </groups>
    <test started-at="2023-12-07T18:53:28 IST" name="Default test" finished-at="2023-12-07T18:53:33 IST" duration-ms="4943">
      <class name="A_Experiment.InvoiceCalculation">
        <test-method is-config="true" signature="browserConfig()[pri:0, instance:A_Experiment.InvoiceCalculation@3967e60c]" started-at="2023-12-07T18:53:28 IST" name="browserConfig" finished-at="2023-12-07T18:53:31 IST" duration-ms="2584" status="PASS">
          <reporter-output>
          </reporter-output>
        </test-method> <!-- browserConfig -->
        <test-method signature="test1()[pri:0, instance:A_Experiment.InvoiceCalculation@3967e60c]" started-at="2023-12-07T18:53:31 IST" name="test1" finished-at="2023-12-07T18:53:33 IST" duration-ms="2256" status="PASS">
          <reporter-output>
          </reporter-output>
        </test-method> <!-- test1 -->
        <test-method is-config="true" signature="terminate()[pri:0, instance:A_Experiment.InvoiceCalculation@3967e60c]" started-at="2023-12-07T18:53:33 IST" name="terminate" finished-at="2023-12-07T18:53:33 IST" duration-ms="84" status="PASS">
          <reporter-output>
          </reporter-output>
        </test-method> <!-- terminate -->
      </class> <!-- A_Experiment.InvoiceCalculation -->
    </test> <!-- Default test -->
  </suite> <!-- Default suite -->
</testng-results>
