<?xml version="1.0" encoding="UTF-8"?>
<testng-results ignored="0" total="1" passed="1" failed="0" skipped="0">
  <reporter-output>
  </reporter-output>
  <suite started-at="2023-12-16T22:34:39 IST" name="Default suite" finished-at="2023-12-16T22:36:12 IST" duration-ms="93338">
    <groups>
    </groups>
    <test started-at="2023-12-16T22:34:39 IST" name="Default test" finished-at="2023-12-16T22:36:12 IST" duration-ms="93338">
      <class name="importPack.TC_importFolloups">
        <test-method is-config="true" signature="browserConfig()[pri:0, instance:importPack.TC_importFolloups@3967e60c]" started-at="2023-12-16T22:34:39 IST" name="browserConfig" finished-at="2023-12-16T22:34:41 IST" duration-ms="2558" status="PASS">
          <reporter-output>
          </reporter-output>
        </test-method> <!-- browserConfig -->
        <test-method signature="importFollowups()[pri:0, instance:importPack.TC_importFolloups@3967e60c]" started-at="2023-12-16T22:34:41 IST" name="importFollowups" finished-at="2023-12-16T22:36:12 IST" duration-ms="90674" status="PASS">
          <reporter-output>
          </reporter-output>
        </test-method> <!-- importFollowups -->
        <test-method is-config="true" signature="terminate()[pri:0, instance:importPack.TC_importFolloups@3967e60c]" started-at="2023-12-16T22:36:12 IST" name="terminate" finished-at="2023-12-16T22:36:12 IST" duration-ms="86" status="PASS">
          <reporter-output>
          </reporter-output>
        </test-method> <!-- terminate -->
      </class> <!-- importPack.TC_importFolloups -->
    </test> <!-- Default test -->
  </suite> <!-- Default suite -->
</testng-results>
