<?xml version="1.0" encoding="UTF-8"?>
<testng-results ignored="0" total="1" passed="1" failed="0" skipped="0">
  <reporter-output>
  </reporter-output>
  <suite started-at="2023-10-10T13:22:45 IST" name="Default suite" finished-at="2023-10-10T13:22:53 IST" duration-ms="8472">
    <groups>
    </groups>
    <test started-at="2023-10-10T13:22:45 IST" name="Default test" finished-at="2023-10-10T13:22:53 IST" duration-ms="8472">
      <class name="A_Experiment.Test001">
        <test-method is-config="true" signature="browserConfig()[pri:0, instance:A_Experiment.Test001@402c4085]" started-at="2023-10-10T13:22:45 IST" name="browserConfig" finished-at="2023-10-10T13:22:49 IST" duration-ms="3575" status="PASS">
          <reporter-output>
          </reporter-output>
        </test-method> <!-- browserConfig -->
        <test-method signature="t1()[pri:0, instance:A_Experiment.Test001@402c4085]" started-at="2023-10-10T13:22:49 IST" name="t1" finished-at="2023-10-10T13:22:53 IST" duration-ms="4762" status="PASS">
          <reporter-output>
          </reporter-output>
        </test-method> <!-- t1 -->
        <test-method is-config="true" signature="terminate()[pri:0, instance:A_Experiment.Test001@402c4085]" started-at="2023-10-10T13:22:53 IST" name="terminate" finished-at="2023-10-10T13:22:53 IST" duration-ms="104" status="PASS">
          <reporter-output>
          </reporter-output>
        </test-method> <!-- terminate -->
      </class> <!-- A_Experiment.Test001 -->
    </test> <!-- Default test -->
  </suite> <!-- Default suite -->
</testng-results>
