<?xml version="1.0" encoding="UTF-8"?>
<testng-results ignored="0" total="1" passed="0" failed="1" skipped="0">
  <reporter-output>
  </reporter-output>
  <suite started-at="2023-10-10T20:03:09 IST" name="Default suite" finished-at="2023-10-10T20:03:30 IST" duration-ms="20312">
    <groups>
    </groups>
    <test started-at="2023-10-10T20:03:09 IST" name="Default test" finished-at="2023-10-10T20:03:30 IST" duration-ms="20312">
      <class name="dashboardBucketsPack.NewEnquiries_VerificationTest">
        <test-method is-config="true" signature="browserConfig()[pri:0, instance:dashboardBucketsPack.NewEnquiries_VerificationTest@402c4085]" started-at="2023-10-10T20:03:09 IST" name="browserConfig" finished-at="2023-10-10T20:03:17 IST" duration-ms="7520" status="PASS">
          <reporter-output>
          </reporter-output>
        </test-method> <!-- browserConfig -->
        <test-method signature="newEnquiries_VerificationTest()[pri:0, instance:dashboardBucketsPack.NewEnquiries_VerificationTest@402c4085]" started-at="2023-10-10T20:03:17 IST" name="newEnquiries_VerificationTest" finished-at="2023-10-10T20:03:29 IST" duration-ms="12648" status="FAIL">
          <exception class="org.openqa.selenium.WebDriverException">
            <message>
              <![CDATA[disconnected: not connected to DevTools
  (failed to check if window was closed: disconnected: not connected to DevTools)
  (Session info: chrome=115.0.5790.98)
Build info: version: '4.9.1', revision: 'eb2032df7f'
System info: os.name: 'Linux', os.arch: 'amd64', os.version: '6.2.0-33-generic', java.version: '17.0.7'
Driver info: org.openqa.selenium.chrome.ChromeDriver
Command: [3e774da2c866b7ed794334682db6da02, findElement {using=css selector, value=//div[@id='contact_new_leads']//span}]
Capabilities {acceptInsecureCerts: false, browserName: chrome, browserVersion: 115.0.5790.98, chrome: {chromedriverVersion: 114.0.5735.90 (386bc09e8f4f..., userDataDir: /tmp/.com.google.Chrome.vCalYd}, goog:chromeOptions: {debuggerAddress: localhost:39479}, networkConnectionEnabled: false, pageLoadStrategy: normal, platformName: linux, proxy: Proxy(), se:cdp: ws://localhost:39479/devtoo..., se:cdpVersion: 115.0.5790.98, setWindowRect: true, strictFileInteractability: false, timeouts: {implicit: 0, pageLoad: 300000, script: 30000}, unhandledPromptBehavior: dismiss and notify, webauthn:extension:credBlob: true, webauthn:extension:largeBlob: true, webauthn:extension:minPinLength: true, webauthn:extension:prf: true, webauthn:virtualAuthenticators: true}
Session ID: 3e774da2c866b7ed794334682db6da02]]>
            </message>
            <full-stacktrace>
              <![CDATA[org.openqa.selenium.WebDriverException: disconnected: not connected to DevTools
  (failed to check if window was closed: disconnected: not connected to DevTools)
  (Session info: chrome=115.0.5790.98)
Build info: version: '4.9.1', revision: 'eb2032df7f'
System info: os.name: 'Linux', os.arch: 'amd64', os.version: '6.2.0-33-generic', java.version: '17.0.7'
Driver info: org.openqa.selenium.chrome.ChromeDriver
Command: [3e774da2c866b7ed794334682db6da02, findElement {using=css selector, value=//div[@id='contact_new_leads']//span}]
Capabilities {acceptInsecureCerts: false, browserName: chrome, browserVersion: 115.0.5790.98, chrome: {chromedriverVersion: 114.0.5735.90 (386bc09e8f4f..., userDataDir: /tmp/.com.google.Chrome.vCalYd}, goog:chromeOptions: {debuggerAddress: localhost:39479}, networkConnectionEnabled: false, pageLoadStrategy: normal, platformName: linux, proxy: Proxy(), se:cdp: ws://localhost:39479/devtoo..., se:cdpVersion: 115.0.5790.98, setWindowRect: true, strictFileInteractability: false, timeouts: {implicit: 0, pageLoad: 300000, script: 30000}, unhandledPromptBehavior: dismiss and notify, webauthn:extension:credBlob: true, webauthn:extension:largeBlob: true, webauthn:extension:minPinLength: true, webauthn:extension:prf: true, webauthn:virtualAuthenticators: true}
Session ID: 3e774da2c866b7ed794334682db6da02
at java.base/jdk.internal.reflect.NativeConstructorAccessorImpl.newInstance0(Native Method)
at java.base/jdk.internal.reflect.NativeConstructorAccessorImpl.newInstance(NativeConstructorAccessorImpl.java:77)
at java.base/jdk.internal.reflect.DelegatingConstructorAccessorImpl.newInstance(DelegatingConstructorAccessorImpl.java:45)
at java.base/java.lang.reflect.Constructor.newInstanceWithCaller(Constructor.java:499)
at java.base/java.lang.reflect.Constructor.newInstance(Constructor.java:480)
at org.openqa.selenium.remote.codec.w3c.W3CHttpResponseCodec.createException(W3CHttpResponseCodec.java:200)
at org.openqa.selenium.remote.codec.w3c.W3CHttpResponseCodec.decode(W3CHttpResponseCodec.java:133)
at org.openqa.selenium.remote.codec.w3c.W3CHttpResponseCodec.decode(W3CHttpResponseCodec.java:53)
at org.openqa.selenium.remote.HttpCommandExecutor.execute(HttpCommandExecutor.java:193)
at org.openqa.selenium.remote.service.DriverCommandExecutor.invokeExecute(DriverCommandExecutor.java:183)
at org.openqa.selenium.remote.service.DriverCommandExecutor.execute(DriverCommandExecutor.java:158)
at org.openqa.selenium.remote.RemoteWebDriver.execute(RemoteWebDriver.java:543)
at org.openqa.selenium.remote.ElementLocation$ElementFinder$2.findElement(ElementLocation.java:162)
at org.openqa.selenium.remote.ElementLocation.findElement(ElementLocation.java:60)
at org.openqa.selenium.remote.RemoteWebDriver.findElement(RemoteWebDriver.java:352)
at org.openqa.selenium.remote.RemoteWebDriver.findElement(RemoteWebDriver.java:344)
at dashboardBucketsPack.NewEnquiries_VerificationTest.newEnquiries_VerificationTest(NewEnquiries_VerificationTest.java:27)
at java.base/jdk.internal.reflect.NativeMethodAccessorImpl.invoke0(Native Method)
at java.base/jdk.internal.reflect.NativeMethodAccessorImpl.invoke(NativeMethodAccessorImpl.java:77)
at java.base/jdk.internal.reflect.DelegatingMethodAccessorImpl.invoke(DelegatingMethodAccessorImpl.java:43)
at java.base/java.lang.reflect.Method.invoke(Method.java:568)
at org.testng.internal.invokers.MethodInvocationHelper.invokeMethod(MethodInvocationHelper.java:139)
at org.testng.internal.invokers.TestInvoker.invokeMethod(TestInvoker.java:677)
at org.testng.internal.invokers.TestInvoker.invokeTestMethod(TestInvoker.java:221)
at org.testng.internal.invokers.MethodRunner.runInSequence(MethodRunner.java:50)
at org.testng.internal.invokers.TestInvoker$MethodInvocationAgent.invoke(TestInvoker.java:969)
at org.testng.internal.invokers.TestInvoker.invokeTestMethods(TestInvoker.java:194)
at org.testng.internal.invokers.TestMethodWorker.invokeTestMethods(TestMethodWorker.java:148)
at org.testng.internal.invokers.TestMethodWorker.run(TestMethodWorker.java:128)
at java.base/java.util.ArrayList.forEach(ArrayList.java:1511)
at org.testng.TestRunner.privateRun(TestRunner.java:829)
at org.testng.TestRunner.run(TestRunner.java:602)
at org.testng.SuiteRunner.runTest(SuiteRunner.java:437)
at org.testng.SuiteRunner.runSequentially(SuiteRunner.java:431)
at org.testng.SuiteRunner.privateRun(SuiteRunner.java:391)
at org.testng.SuiteRunner.run(SuiteRunner.java:330)
at org.testng.SuiteRunnerWorker.runSuite(SuiteRunnerWorker.java:52)
at org.testng.SuiteRunnerWorker.run(SuiteRunnerWorker.java:95)
at org.testng.TestNG.runSuitesSequentially(TestNG.java:1256)
at org.testng.TestNG.runSuitesLocally(TestNG.java:1176)
at org.testng.TestNG.runSuites(TestNG.java:1099)
at org.testng.TestNG.run(TestNG.java:1067)
at org.testng.remote.AbstractRemoteTestNG.run(AbstractRemoteTestNG.java:115)
at org.testng.remote.RemoteTestNG.initAndRun(RemoteTestNG.java:251)
at org.testng.remote.RemoteTestNG.main(RemoteTestNG.java:77)
]]>
            </full-stacktrace>
          </exception> <!-- org.openqa.selenium.WebDriverException -->
          <reporter-output>
          </reporter-output>
        </test-method> <!-- newEnquiries_VerificationTest -->
        <test-method is-config="true" signature="terminate()[pri:0, instance:dashboardBucketsPack.NewEnquiries_VerificationTest@402c4085]" started-at="2023-10-10T20:03:29 IST" name="terminate" finished-at="2023-10-10T20:03:30 IST" duration-ms="102" status="PASS">
          <reporter-output>
          </reporter-output>
        </test-method> <!-- terminate -->
      </class> <!-- dashboardBucketsPack.NewEnquiries_VerificationTest -->
    </test> <!-- Default test -->
  </suite> <!-- Default suite -->
</testng-results>
