<?xml version="1.0" encoding="UTF-8"?>
<testng-results ignored="0" total="1" passed="1" failed="0" skipped="0">
  <reporter-output>
  </reporter-output>
  <suite started-at="2023-08-22T19:32:25 IST" name="Default suite" finished-at="2023-08-22T19:32:54 IST" duration-ms="29063">
    <groups>
    </groups>
    <test started-at="2023-08-22T19:32:25 IST" name="Default test" finished-at="2023-08-22T19:32:54 IST" duration-ms="29063">
      <class name="otherLeadActivitiesPack.SearchingLeadByAdminTest">
        <test-method is-config="true" signature="browserConfig()[pri:0, instance:otherLeadActivitiesPack.SearchingLeadByAdminTest@4681c175]" started-at="2023-08-22T19:32:25 IST" name="browserConfig" finished-at="2023-08-22T19:32:29 IST" duration-ms="4182" status="PASS">
          <reporter-output>
          </reporter-output>
        </test-method> <!-- browserConfig -->
        <test-method signature="searchingLeadByAdminTest()[pri:0, instance:otherLeadActivitiesPack.SearchingLeadByAdminTest@4681c175]" started-at="2023-08-22T19:32:29 IST" name="searchingLeadByAdminTest" finished-at="2023-08-22T19:32:54 IST" duration-ms="24741" status="PASS">
          <reporter-output>
          </reporter-output>
        </test-method> <!-- searchingLeadByAdminTest -->
        <test-method is-config="true" signature="terminate()[pri:0, instance:otherLeadActivitiesPack.SearchingLeadByAdminTest@4681c175]" started-at="2023-08-22T19:32:54 IST" name="terminate" finished-at="2023-08-22T19:32:54 IST" duration-ms="103" status="PASS">
          <reporter-output>
          </reporter-output>
        </test-method> <!-- terminate -->
      </class> <!-- otherLeadActivitiesPack.SearchingLeadByAdminTest -->
    </test> <!-- Default test -->
  </suite> <!-- Default suite -->
</testng-results>
