<?xml version="1.0" encoding="UTF-8"?>
<testng-results ignored="0" total="1" passed="1" failed="0" skipped="0">
  <reporter-output>
  </reporter-output>
  <suite started-at="2023-08-03T19:40:01 IST" name="Default suite" finished-at="2023-08-03T19:40:33 IST" duration-ms="32710">
    <groups>
    </groups>
    <test started-at="2023-08-03T19:40:01 IST" name="Default test" finished-at="2023-08-03T19:40:33 IST" duration-ms="32710">
      <class name="inventory.AddingNewUnitTest">
        <test-method is-config="true" signature="browserConfig()[pri:0, instance:inventory.AddingNewUnitTest@68c9133c]" started-at="2023-08-03T19:40:01 IST" name="browserConfig" finished-at="2023-08-03T19:40:06 IST" duration-ms="4930" status="PASS">
          <reporter-output>
          </reporter-output>
        </test-method> <!-- browserConfig -->
        <test-method signature="addingNewUnitTest()[pri:0, instance:inventory.AddingNewUnitTest@68c9133c]" started-at="2023-08-03T19:40:06 IST" name="addingNewUnitTest" finished-at="2023-08-03T19:40:33 IST" duration-ms="27643" status="PASS">
          <reporter-output>
          </reporter-output>
        </test-method> <!-- addingNewUnitTest -->
        <test-method is-config="true" signature="terminate()[pri:0, instance:inventory.AddingNewUnitTest@68c9133c]" started-at="2023-08-03T19:40:33 IST" name="terminate" finished-at="2023-08-03T19:40:33 IST" duration-ms="103" status="PASS">
          <reporter-output>
          </reporter-output>
        </test-method> <!-- terminate -->
      </class> <!-- inventory.AddingNewUnitTest -->
    </test> <!-- Default test -->
  </suite> <!-- Default suite -->
</testng-results>
