<?xml version="1.0" encoding="UTF-8"?>
<testng-results ignored="0" total="1" passed="1" failed="0" skipped="0">
  <reporter-output>
  </reporter-output>
  <suite started-at="2023-06-06T19:09:09 IST" name="Suite" finished-at="2023-06-06T19:09:44 IST" duration-ms="34904">
    <groups>
    </groups>
    <test started-at="2023-06-06T19:09:09 IST" name="Test" finished-at="2023-06-06T19:09:44 IST" duration-ms="34904">
      <class name="otherLeadActivitiesPack.SendingBrochure_WithTemplateTest">
        <test-method is-config="true" signature="ObjectInvokder()[pri:0, instance:otherLeadActivitiesPack.SendingBrochure_WithTemplateTest@2a693f59]" started-at="2023-06-06T19:09:09 IST" name="ObjectInvokder" finished-at="2023-06-06T19:09:09 IST" duration-ms="11" status="PASS">
          <reporter-output>
          </reporter-output>
        </test-method> <!-- ObjectInvokder -->
        <test-method is-config="true" signature="browserConfig()[pri:0, instance:otherLeadActivitiesPack.SendingBrochure_WithTemplateTest@2a693f59]" started-at="2023-06-06T19:09:09 IST" name="browserConfig" finished-at="2023-06-06T19:09:11 IST" duration-ms="2046" status="PASS">
          <reporter-output>
          </reporter-output>
        </test-method> <!-- browserConfig -->
        <test-method signature="sendingBrochure_WithTemplateTest()[pri:0, instance:otherLeadActivitiesPack.SendingBrochure_WithTemplateTest@2a693f59]" started-at="2023-06-06T19:09:11 IST" name="sendingBrochure_WithTemplateTest" finished-at="2023-06-06T19:09:44 IST" duration-ms="32673" status="PASS">
          <reporter-output>
          </reporter-output>
        </test-method> <!-- sendingBrochure_WithTemplateTest -->
        <test-method is-config="true" signature="terminate()[pri:0, instance:otherLeadActivitiesPack.SendingBrochure_WithTemplateTest@2a693f59]" started-at="2023-06-06T19:09:44 IST" name="terminate" finished-at="2023-06-06T19:09:44 IST" duration-ms="158" status="PASS">
          <reporter-output>
          </reporter-output>
        </test-method> <!-- terminate -->
        <test-method is-config="true" signature="ObjectSupressor()[pri:0, instance:otherLeadActivitiesPack.SendingBrochure_WithTemplateTest@2a693f59]" started-at="2023-06-06T19:09:44 IST" name="ObjectSupressor" finished-at="2023-06-06T19:09:44 IST" duration-ms="1" status="PASS">
          <reporter-output>
          </reporter-output>
        </test-method> <!-- ObjectSupressor -->
      </class> <!-- otherLeadActivitiesPack.SendingBrochure_WithTemplateTest -->
    </test> <!-- Test -->
  </suite> <!-- Suite -->
</testng-results>
