<?xml version="1.0" encoding="UTF-8"?>
<testng-results ignored="0" total="1" passed="1" failed="0" skipped="0">
  <reporter-output>
  </reporter-output>
  <suite started-at="2023-05-24T13:14:14 IST" name="Default suite" finished-at="2023-05-24T13:14:59 IST" duration-ms="44942">
    <groups>
    </groups>
    <test started-at="2023-05-24T13:14:14 IST" name="Default test" finished-at="2023-05-24T13:14:59 IST" duration-ms="44942">
      <class name="otherLeadActivitiesPack.MergingTwoLeadsFromDiffStagesTest">
        <test-method is-config="true" signature="ObjectInvokder()[pri:0, instance:otherLeadActivitiesPack.MergingTwoLeadsFromDiffStagesTest@76494737]" started-at="2023-05-24T13:14:14 IST" name="ObjectInvokder" finished-at="2023-05-24T13:14:14 IST" duration-ms="16" status="PASS">
          <reporter-output>
          </reporter-output>
        </test-method> <!-- ObjectInvokder -->
        <test-method is-config="true" signature="browserConfig()[pri:0, instance:otherLeadActivitiesPack.MergingTwoLeadsFromDiffStagesTest@76494737]" started-at="2023-05-24T13:14:14 IST" name="browserConfig" finished-at="2023-05-24T13:14:17 IST" duration-ms="2866" status="PASS">
          <reporter-output>
          </reporter-output>
        </test-method> <!-- browserConfig -->
        <test-method signature="mergingTwoLeadsFromDiffStagesTest()[pri:0, instance:otherLeadActivitiesPack.MergingTwoLeadsFromDiffStagesTest@76494737]" started-at="2023-05-24T13:14:17 IST" name="mergingTwoLeadsFromDiffStagesTest" finished-at="2023-05-24T13:14:58 IST" duration-ms="41942" status="PASS">
          <reporter-output>
          </reporter-output>
        </test-method> <!-- mergingTwoLeadsFromDiffStagesTest -->
        <test-method is-config="true" signature="terminate()[pri:0, instance:otherLeadActivitiesPack.MergingTwoLeadsFromDiffStagesTest@76494737]" started-at="2023-05-24T13:14:58 IST" name="terminate" finished-at="2023-05-24T13:14:59 IST" duration-ms="106" status="PASS">
          <reporter-output>
          </reporter-output>
        </test-method> <!-- terminate -->
        <test-method is-config="true" signature="ObjectSupressor()[pri:0, instance:otherLeadActivitiesPack.MergingTwoLeadsFromDiffStagesTest@76494737]" started-at="2023-05-24T13:14:59 IST" name="ObjectSupressor" finished-at="2023-05-24T13:14:59 IST" duration-ms="1" status="PASS">
          <reporter-output>
          </reporter-output>
        </test-method> <!-- ObjectSupressor -->
      </class> <!-- otherLeadActivitiesPack.MergingTwoLeadsFromDiffStagesTest -->
    </test> <!-- Default test -->
  </suite> <!-- Default suite -->
</testng-results>
