<?xml version="1.0" encoding="UTF-8"?>
<testng-results ignored="0" total="1" passed="1" failed="0" skipped="0">
  <reporter-output>
  </reporter-output>
  <suite started-at="2023-05-26T14:23:01 IST" name="Suite" finished-at="2023-05-26T14:24:06 IST" duration-ms="64731">
    <groups>
    </groups>
    <test started-at="2023-05-26T14:23:01 IST" name="Test" finished-at="2023-05-26T14:24:06 IST" duration-ms="64731">
      <class name="leadActivities.SendSmsTest">
        <test-method is-config="true" signature="ObjectInvokder()[pri:0, instance:leadActivities.SendSmsTest@496bc455]" started-at="2023-05-26T14:23:01 IST" name="ObjectInvokder" finished-at="2023-05-26T14:23:01 IST" duration-ms="14" status="PASS">
          <reporter-output>
          </reporter-output>
        </test-method> <!-- ObjectInvokder -->
        <test-method is-config="true" signature="browserConfig()[pri:0, instance:leadActivities.SendSmsTest@496bc455]" started-at="2023-05-26T14:23:01 IST" name="browserConfig" finished-at="2023-05-26T14:23:04 IST" duration-ms="2692" status="PASS">
          <reporter-output>
          </reporter-output>
        </test-method> <!-- browserConfig -->
        <test-method signature="sendingSmsTest()[pri:0, instance:leadActivities.SendSmsTest@496bc455]" started-at="2023-05-26T14:23:04 IST" name="sendingSmsTest" finished-at="2023-05-26T14:24:06 IST" duration-ms="61897" status="PASS">
          <reporter-output>
          </reporter-output>
        </test-method> <!-- sendingSmsTest -->
        <test-method is-config="true" signature="terminate()[pri:0, instance:leadActivities.SendSmsTest@496bc455]" started-at="2023-05-26T14:24:06 IST" name="terminate" finished-at="2023-05-26T14:24:06 IST" duration-ms="109" status="PASS">
          <reporter-output>
          </reporter-output>
        </test-method> <!-- terminate -->
        <test-method is-config="true" signature="ObjectSupressor()[pri:0, instance:leadActivities.SendSmsTest@496bc455]" started-at="2023-05-26T14:24:06 IST" name="ObjectSupressor" finished-at="2023-05-26T14:24:06 IST" duration-ms="0" status="PASS">
          <reporter-output>
          </reporter-output>
        </test-method> <!-- ObjectSupressor -->
      </class> <!-- leadActivities.SendSmsTest -->
    </test> <!-- Test -->
  </suite> <!-- Suite -->
</testng-results>
