<?xml version="1.0" encoding="UTF-8"?>
<testng-results ignored="0" total="1" passed="1" failed="0" skipped="0">
  <reporter-output>
  </reporter-output>
  <suite started-at="2023-07-30T23:05:46 IST" name="Default suite" finished-at="2023-07-30T23:05:51 IST" duration-ms="5201">
    <groups>
    </groups>
    <test started-at="2023-07-30T23:05:46 IST" name="Default test" finished-at="2023-07-30T23:05:51 IST" duration-ms="5201">
      <class name="API.APIs">
        <test-method signature="Tests()[pri:0, instance:API.APIs@17f9d882]" started-at="2023-07-30T23:05:46 IST" name="Tests" finished-at="2023-07-30T23:05:51 IST" duration-ms="5159" status="PASS">
          <reporter-output>
          </reporter-output>
        </test-method> <!-- Tests -->
      </class> <!-- API.APIs -->
    </test> <!-- Default test -->
  </suite> <!-- Default suite -->
</testng-results>
