<?xml version="1.0" encoding="UTF-8"?>
<testng-results ignored="0" total="1" passed="1" failed="0" skipped="0">
  <reporter-output>
  </reporter-output>
  <suite started-at="2023-05-26T10:54:09 IST" name="Suite" finished-at="2023-05-26T10:54:47 IST" duration-ms="38035">
    <groups>
    </groups>
    <test started-at="2023-05-26T10:54:09 IST" name="Test" finished-at="2023-05-26T10:54:47 IST" duration-ms="38035">
      <class name="leadActivities.SendingEmailWithTemplateTest">
        <test-method is-config="true" signature="ObjectInvokder()[pri:0, instance:leadActivities.SendingEmailWithTemplateTest@496bc455]" started-at="2023-05-26T10:54:08 IST" name="ObjectInvokder" finished-at="2023-05-26T10:54:09 IST" duration-ms="14" status="PASS">
          <reporter-output>
          </reporter-output>
        </test-method> <!-- ObjectInvokder -->
        <test-method is-config="true" signature="browserConfig()[pri:0, instance:leadActivities.SendingEmailWithTemplateTest@496bc455]" started-at="2023-05-26T10:54:09 IST" name="browserConfig" finished-at="2023-05-26T10:54:11 IST" duration-ms="2557" status="PASS">
          <reporter-output>
          </reporter-output>
        </test-method> <!-- browserConfig -->
        <test-method signature="sendingEmailWithTemplateTest()[pri:0, instance:leadActivities.SendingEmailWithTemplateTest@496bc455]" started-at="2023-05-26T10:54:11 IST" name="sendingEmailWithTemplateTest" finished-at="2023-05-26T10:54:46 IST" duration-ms="35344" status="PASS">
          <reporter-output>
          </reporter-output>
        </test-method> <!-- sendingEmailWithTemplateTest -->
        <test-method is-config="true" signature="terminate()[pri:0, instance:leadActivities.SendingEmailWithTemplateTest@496bc455]" started-at="2023-05-26T10:54:46 IST" name="terminate" finished-at="2023-05-26T10:54:47 IST" duration-ms="107" status="PASS">
          <reporter-output>
          </reporter-output>
        </test-method> <!-- terminate -->
        <test-method is-config="true" signature="ObjectSupressor()[pri:0, instance:leadActivities.SendingEmailWithTemplateTest@496bc455]" started-at="2023-05-26T10:54:47 IST" name="ObjectSupressor" finished-at="2023-05-26T10:54:47 IST" duration-ms="1" status="PASS">
          <reporter-output>
          </reporter-output>
        </test-method> <!-- ObjectSupressor -->
      </class> <!-- leadActivities.SendingEmailWithTemplateTest -->
    </test> <!-- Test -->
  </suite> <!-- Suite -->
</testng-results>
