<?xml version="1.0" encoding="UTF-8"?>
<testng-results ignored="0" total="1" passed="1" failed="0" skipped="0">
  <reporter-output>
  </reporter-output>
  <suite started-at="2023-05-26T10:45:27 IST" name="Suite" finished-at="2023-05-26T10:46:05 IST" duration-ms="38632">
    <groups>
    </groups>
    <test started-at="2023-05-26T10:45:27 IST" name="Test" finished-at="2023-05-26T10:46:05 IST" duration-ms="38632">
      <class name="leadActivities.ChangingSiteVisitStatusTest">
        <test-method is-config="true" signature="ObjectInvokder()[pri:0, instance:leadActivities.ChangingSiteVisitStatusTest@496bc455]" started-at="2023-05-26T10:45:27 IST" name="ObjectInvokder" finished-at="2023-05-26T10:45:27 IST" duration-ms="11" status="PASS">
          <reporter-output>
          </reporter-output>
        </test-method> <!-- ObjectInvokder -->
        <test-method is-config="true" signature="browserConfig()[pri:0, instance:leadActivities.ChangingSiteVisitStatusTest@496bc455]" started-at="2023-05-26T10:45:27 IST" name="browserConfig" finished-at="2023-05-26T10:45:29 IST" duration-ms="2102" status="PASS">
          <reporter-output>
          </reporter-output>
        </test-method> <!-- browserConfig -->
        <test-method signature="changingSiteVisitStatusTest()[pri:0, instance:leadActivities.ChangingSiteVisitStatusTest@496bc455]" started-at="2023-05-26T10:45:29 IST" name="changingSiteVisitStatusTest" finished-at="2023-05-26T10:46:05 IST" duration-ms="36399" status="PASS">
          <reporter-output>
          </reporter-output>
        </test-method> <!-- changingSiteVisitStatusTest -->
        <test-method is-config="true" signature="terminate()[pri:0, instance:leadActivities.ChangingSiteVisitStatusTest@496bc455]" started-at="2023-05-26T10:46:05 IST" name="terminate" finished-at="2023-05-26T10:46:05 IST" duration-ms="105" status="PASS">
          <reporter-output>
          </reporter-output>
        </test-method> <!-- terminate -->
        <test-method is-config="true" signature="ObjectSupressor()[pri:0, instance:leadActivities.ChangingSiteVisitStatusTest@496bc455]" started-at="2023-05-26T10:46:05 IST" name="ObjectSupressor" finished-at="2023-05-26T10:46:05 IST" duration-ms="0" status="PASS">
          <reporter-output>
          </reporter-output>
        </test-method> <!-- ObjectSupressor -->
      </class> <!-- leadActivities.ChangingSiteVisitStatusTest -->
    </test> <!-- Test -->
  </suite> <!-- Suite -->
</testng-results>
