<?xml version="1.0" encoding="UTF-8"?>
<testng-results ignored="0" total="1" passed="1" failed="0" skipped="0">
  <reporter-output>
  </reporter-output>
  <suite started-at="2023-05-24T11:37:21 IST" name="Default suite" finished-at="2023-05-24T11:37:41 IST" duration-ms="19662">
    <groups>
    </groups>
    <test started-at="2023-05-24T11:37:21 IST" name="Default test" finished-at="2023-05-24T11:37:41 IST" duration-ms="19662">
      <class name="otherLeadActivitiesPack.MarkingOnBreakTest">
        <test-method is-config="true" signature="ObjectInvokder()[pri:0, instance:otherLeadActivitiesPack.MarkingOnBreakTest@76494737]" started-at="2023-05-24T11:37:21 IST" name="ObjectInvokder" finished-at="2023-05-24T11:37:21 IST" duration-ms="11" status="PASS">
          <reporter-output>
          </reporter-output>
        </test-method> <!-- ObjectInvokder -->
        <test-method is-config="true" signature="browserConfig()[pri:0, instance:otherLeadActivitiesPack.MarkingOnBreakTest@76494737]" started-at="2023-05-24T11:37:21 IST" name="browserConfig" finished-at="2023-05-24T11:37:23 IST" duration-ms="2000" status="PASS">
          <reporter-output>
          </reporter-output>
        </test-method> <!-- browserConfig -->
        <test-method signature="markingOnBreakTest()[pri:0, instance:otherLeadActivitiesPack.MarkingOnBreakTest@76494737]" started-at="2023-05-24T11:37:23 IST" name="markingOnBreakTest" finished-at="2023-05-24T11:37:41 IST" duration-ms="17532" status="PASS">
          <reporter-output>
          </reporter-output>
        </test-method> <!-- markingOnBreakTest -->
        <test-method is-config="true" signature="terminate()[pri:0, instance:otherLeadActivitiesPack.MarkingOnBreakTest@76494737]" started-at="2023-05-24T11:37:41 IST" name="terminate" finished-at="2023-05-24T11:37:41 IST" duration-ms="106" status="PASS">
          <reporter-output>
          </reporter-output>
        </test-method> <!-- terminate -->
        <test-method is-config="true" signature="ObjectSupressor()[pri:0, instance:otherLeadActivitiesPack.MarkingOnBreakTest@76494737]" started-at="2023-05-24T11:37:41 IST" name="ObjectSupressor" finished-at="2023-05-24T11:37:41 IST" duration-ms="0" status="PASS">
          <reporter-output>
          </reporter-output>
        </test-method> <!-- ObjectSupressor -->
      </class> <!-- otherLeadActivitiesPack.MarkingOnBreakTest -->
    </test> <!-- Default test -->
  </suite> <!-- Default suite -->
</testng-results>
