<?xml version="1.0" encoding="UTF-8"?>
<testng-results ignored="0" total="1" passed="1" failed="0" skipped="0">
  <reporter-output>
  </reporter-output>
  <suite started-at="2023-05-26T17:18:02 IST" name="Default suite" finished-at="2023-05-26T17:18:19 IST" duration-ms="17468">
    <groups>
    </groups>
    <test started-at="2023-05-26T17:18:02 IST" name="Default test" finished-at="2023-05-26T17:18:19 IST" duration-ms="17468">
      <class name="CollectionTEst">
        <test-method is-config="true" signature="ObjectInvokder()[pri:0, instance:CollectionTEst@7c37508a]" started-at="2023-05-26T17:18:02 IST" name="ObjectInvokder" finished-at="2023-05-26T17:18:02 IST" duration-ms="14" status="PASS">
          <reporter-output>
          </reporter-output>
        </test-method> <!-- ObjectInvokder -->
        <test-method is-config="true" signature="browserConfig()[pri:0, instance:CollectionTEst@7c37508a]" started-at="2023-05-26T17:18:02 IST" name="browserConfig" finished-at="2023-05-26T17:18:04 IST" duration-ms="2221" status="PASS">
          <reporter-output>
          </reporter-output>
        </test-method> <!-- browserConfig -->
        <test-method signature="clickMultipe()[pri:0, instance:CollectionTEst@7c37508a]" started-at="2023-05-26T17:18:04 IST" name="clickMultipe" finished-at="2023-05-26T17:18:19 IST" duration-ms="15111" status="PASS">
          <reporter-output>
          </reporter-output>
        </test-method> <!-- clickMultipe -->
        <test-method is-config="true" signature="terminate()[pri:0, instance:CollectionTEst@7c37508a]" started-at="2023-05-26T17:18:19 IST" name="terminate" finished-at="2023-05-26T17:18:19 IST" duration-ms="107" status="PASS">
          <reporter-output>
          </reporter-output>
        </test-method> <!-- terminate -->
        <test-method is-config="true" signature="ObjectSupressor()[pri:0, instance:CollectionTEst@7c37508a]" started-at="2023-05-26T17:18:19 IST" name="ObjectSupressor" finished-at="2023-05-26T17:18:19 IST" duration-ms="1" status="PASS">
          <reporter-output>
          </reporter-output>
        </test-method> <!-- ObjectSupressor -->
      </class> <!-- CollectionTEst -->
    </test> <!-- Default test -->
  </suite> <!-- Default suite -->
</testng-results>
