<?xml version="1.0" encoding="UTF-8"?>
<testng-results ignored="0" total="1" passed="1" failed="0" skipped="0">
  <reporter-output>
  </reporter-output>
  <suite started-at="2023-07-20T19:28:29 IST" name="Default suite" finished-at="2023-07-20T19:29:05 IST" duration-ms="36148">
    <groups>
    </groups>
    <test started-at="2023-07-20T19:28:29 IST" name="Default test" finished-at="2023-07-20T19:29:05 IST" duration-ms="36148">
      <class name="inventory.EditingUnitTest">
        <test-method is-config="true" signature="browserConfig()[pri:0, instance:inventory.EditingUnitTest@5f049ea1]" started-at="2023-07-20T19:28:29 IST" name="browserConfig" finished-at="2023-07-20T19:28:32 IST" duration-ms="2730" status="PASS">
          <reporter-output>
          </reporter-output>
        </test-method> <!-- browserConfig -->
        <test-method signature="editingUnitTest()[pri:0, instance:inventory.EditingUnitTest@5f049ea1]" started-at="2023-07-20T19:28:32 IST" name="editingUnitTest" finished-at="2023-07-20T19:29:05 IST" duration-ms="33266" status="PASS">
          <reporter-output>
          </reporter-output>
        </test-method> <!-- editingUnitTest -->
        <test-method is-config="true" signature="terminate()[pri:0, instance:inventory.EditingUnitTest@5f049ea1]" started-at="2023-07-20T19:29:05 IST" name="terminate" finished-at="2023-07-20T19:29:05 IST" duration-ms="104" status="PASS">
          <reporter-output>
          </reporter-output>
        </test-method> <!-- terminate -->
      </class> <!-- inventory.EditingUnitTest -->
    </test> <!-- Default test -->
  </suite> <!-- Default suite -->
</testng-results>
