<?xml version="1.0" encoding="UTF-8"?>
<testng-results ignored="0" total="1" passed="1" failed="0" skipped="0">
  <reporter-output>
  </reporter-output>
  <suite started-at="2023-06-08T16:49:44 IST" name="Suite" finished-at="2023-06-08T16:50:38 IST" duration-ms="53668">
    <groups>
    </groups>
    <test started-at="2023-06-08T16:49:44 IST" name="Test" finished-at="2023-06-08T16:50:38 IST" duration-ms="53668">
      <class name="dashboardBucketsPack.MissedSitevisit_VerificationTest">
        <test-method is-config="true" signature="ObjectInvokder()[pri:0, instance:dashboardBucketsPack.MissedSitevisit_VerificationTest@2a693f59]" started-at="2023-06-08T16:49:44 IST" name="ObjectInvokder" finished-at="2023-06-08T16:49:44 IST" duration-ms="12" status="PASS">
          <reporter-output>
          </reporter-output>
        </test-method> <!-- ObjectInvokder -->
        <test-method is-config="true" signature="browserConfig()[pri:0, instance:dashboardBucketsPack.MissedSitevisit_VerificationTest@2a693f59]" started-at="2023-06-08T16:49:44 IST" name="browserConfig" finished-at="2023-06-08T16:49:47 IST" duration-ms="2818" status="PASS">
          <reporter-output>
          </reporter-output>
        </test-method> <!-- browserConfig -->
        <test-method signature="missedSitevisit_VerificationTest()[pri:0, instance:dashboardBucketsPack.MissedSitevisit_VerificationTest@2a693f59]" started-at="2023-06-08T16:49:47 IST" name="missedSitevisit_VerificationTest" finished-at="2023-06-08T16:50:38 IST" duration-ms="50717" status="PASS">
          <reporter-output>
          </reporter-output>
        </test-method> <!-- missedSitevisit_VerificationTest -->
        <test-method is-config="true" signature="terminate()[pri:0, instance:dashboardBucketsPack.MissedSitevisit_VerificationTest@2a693f59]" started-at="2023-06-08T16:50:38 IST" name="terminate" finished-at="2023-06-08T16:50:38 IST" duration-ms="106" status="PASS">
          <reporter-output>
          </reporter-output>
        </test-method> <!-- terminate -->
        <test-method is-config="true" signature="ObjectSupressor()[pri:0, instance:dashboardBucketsPack.MissedSitevisit_VerificationTest@2a693f59]" started-at="2023-06-08T16:50:38 IST" name="ObjectSupressor" finished-at="2023-06-08T16:50:38 IST" duration-ms="0" status="PASS">
          <reporter-output>
          </reporter-output>
        </test-method> <!-- ObjectSupressor -->
      </class> <!-- dashboardBucketsPack.MissedSitevisit_VerificationTest -->
    </test> <!-- Test -->
  </suite> <!-- Suite -->
</testng-results>
